2022-04-07 08:44:26.169  INFO 15660 --- [restartedMain] c.e.b.BookStoreHomeApplication           : Starting BookStoreHomeApplication using Java 11.0.13 on DESKTOP-CCOSQPA with PID 15660 (E:\CFP_Project\Book_Store_Application\BookStoreHome\target\classes started by Mohan Kunigiri in E:\BackUp\Practice\CFP Practice\Address_Book_Repository_Workshop)
2022-04-07 08:44:26.216  INFO 15660 --- [restartedMain] c.e.b.BookStoreHomeApplication           : No active profile set, falling back to default profiles: default
2022-04-07 08:45:55.357  INFO 18004 --- [restartedMain] c.e.b.BookStoreHomeApplication           : Starting BookStoreHomeApplication using Java 11.0.13 on DESKTOP-CCOSQPA with PID 18004 (E:\CFP_Project\Book_Store_Application\BookStoreHome\target\classes started by Mohan Kunigiri in E:\BackUp\Practice\CFP Practice\Address_Book_Repository_Workshop)
2022-04-07 08:45:55.357  INFO 18004 --- [restartedMain] c.e.b.BookStoreHomeApplication           : No active profile set, falling back to default profiles: default
2022-04-07 08:45:55.513  INFO 18004 --- [restartedMain] .e.DevToolsPropertyDefaultsPostProcessor : Devtools property defaults active! Set 'spring.devtools.add-properties' to 'false' to disable
2022-04-07 08:45:55.513  INFO 18004 --- [restartedMain] .e.DevToolsPropertyDefaultsPostProcessor : For additional web related logging consider setting the 'logging.level.web' property to 'DEBUG'
2022-04-07 08:45:57.701  INFO 18004 --- [restartedMain] .s.d.r.c.RepositoryConfigurationDelegate : Bootstrapping Spring Data JPA repositories in DEFAULT mode.
2022-04-07 08:45:57.825  INFO 18004 --- [restartedMain] .s.d.r.c.RepositoryConfigurationDelegate : Finished Spring Data repository scanning in 112 ms. Found 1 JPA repository interfaces.
2022-04-07 08:45:59.468  INFO 18004 --- [restartedMain] o.s.b.w.embedded.tomcat.TomcatWebServer  : Tomcat initialized with port(s): 9002 (http)
2022-04-07 08:45:59.483  INFO 18004 --- [restartedMain] o.apache.catalina.core.StandardService   : Starting service [Tomcat]
2022-04-07 08:45:59.483  INFO 18004 --- [restartedMain] org.apache.catalina.core.StandardEngine  : Starting Servlet engine: [Apache Tomcat/9.0.56]
2022-04-07 08:45:59.718  INFO 18004 --- [restartedMain] o.a.c.c.C.[Tomcat].[localhost].[/]       : Initializing Spring embedded WebApplicationContext
2022-04-07 08:45:59.718  INFO 18004 --- [restartedMain] w.s.c.ServletWebServerApplicationContext : Root WebApplicationContext: initialization completed in 4205 ms
2022-04-07 08:46:00.296  INFO 18004 --- [restartedMain] com.zaxxer.hikari.HikariDataSource       : HikariPool-1 - Starting...
2022-04-07 08:46:00.561  INFO 18004 --- [restartedMain] com.zaxxer.hikari.HikariDataSource       : HikariPool-1 - Start completed.
2022-04-07 08:46:00.577  INFO 18004 --- [restartedMain] o.s.b.a.h2.H2ConsoleAutoConfiguration    : H2 console available at '/console'. Database available at 'jdbc:h2:mem:testdb'
2022-04-07 08:46:01.108  INFO 18004 --- [restartedMain] o.hibernate.jpa.internal.util.LogHelper  : HHH000204: Processing PersistenceUnitInfo [name: default]
2022-04-07 08:46:01.171  INFO 18004 --- [restartedMain] org.hibernate.Version                    : HHH000412: Hibernate ORM core version 5.6.4.Final
2022-04-07 08:46:01.624  INFO 18004 --- [restartedMain] o.hibernate.annotations.common.Version   : HCANN000001: Hibernate Commons Annotations {5.1.2.Final}
2022-04-07 08:46:01.858  INFO 18004 --- [restartedMain] org.hibernate.dialect.Dialect            : HHH000400: Using dialect: org.hibernate.dialect.H2Dialect
2022-04-07 08:46:03.296  INFO 18004 --- [restartedMain] o.h.e.t.j.p.i.JtaPlatformInitiator       : HHH000490: Using JtaPlatform implementation: [org.hibernate.engine.transaction.jta.platform.internal.NoJtaPlatform]
2022-04-07 08:46:03.311  INFO 18004 --- [restartedMain] j.LocalContainerEntityManagerFactoryBean : Initialized JPA EntityManagerFactory for persistence unit 'default'
2022-04-07 08:46:03.952  WARN 18004 --- [restartedMain] JpaBaseConfiguration$JpaWebConfiguration : spring.jpa.open-in-view is enabled by default. Therefore, database queries may be performed during view rendering. Explicitly configure spring.jpa.open-in-view to disable this warning
2022-04-07 08:46:06.233  INFO 18004 --- [restartedMain] o.s.b.d.a.OptionalLiveReloadServer       : LiveReload server is running on port 35729
2022-04-07 08:46:06.249  INFO 18004 --- [restartedMain] o.s.b.a.e.web.EndpointLinksResolver      : Exposing 1 endpoint(s) beneath base path '/actuator'
2022-04-07 08:46:06.358  INFO 18004 --- [restartedMain] o.s.b.w.embedded.tomcat.TomcatWebServer  : Tomcat started on port(s): 9002 (http) with context path ''
2022-04-07 08:46:06.390  INFO 18004 --- [restartedMain] c.e.b.BookStoreHomeApplication           : Started BookStoreHomeApplication in 12.094 seconds (JVM running for 14.63)
2022-04-07 08:49:39.365  INFO 18004 --- [http-nio-9002-exec-1] o.a.c.c.C.[Tomcat].[localhost].[/]       : Initializing Spring DispatcherServlet 'dispatcherServlet'
2022-04-07 08:49:39.365  INFO 18004 --- [http-nio-9002-exec-1] o.s.web.servlet.DispatcherServlet        : Initializing Servlet 'dispatcherServlet'
2022-04-07 08:49:39.373  INFO 18004 --- [http-nio-9002-exec-1] o.s.web.servlet.DispatcherServlet        : Completed initialization in 8 ms
2022-04-07 08:59:33.280  INFO 18004 --- [SpringApplicationShutdownHook] j.LocalContainerEntityManagerFactoryBean : Closing JPA EntityManagerFactory for persistence unit 'default'
2022-04-07 08:59:33.280  INFO 18004 --- [SpringApplicationShutdownHook] .SchemaDropperImpl$DelayedDropActionImpl : HHH000477: Starting delayed evictData of schema as part of SessionFactory shut-down'
2022-04-07 08:59:33.639  WARN 18004 --- [SpringApplicationShutdownHook] o.s.b.f.support.DisposableBeanAdapter    : Invocation of destroy method failed on bean with name 'inMemoryDatabaseShutdownExecutor': org.h2.jdbc.JdbcSQLNonTransientConnectionException: Database is already closed (to disable automatic closing at VM shutdown, add ";DB_CLOSE_ON_EXIT=FALSE" to the db URL) [90121-200]
2022-04-07 08:59:33.639  INFO 18004 --- [SpringApplicationShutdownHook] com.zaxxer.hikari.HikariDataSource       : HikariPool-1 - Shutdown initiated...
2022-04-07 08:59:33.655  INFO 18004 --- [SpringApplicationShutdownHook] com.zaxxer.hikari.HikariDataSource       : HikariPool-1 - Shutdown completed.
2022-04-07 09:01:25.507  INFO 8616 --- [restartedMain] c.e.b.BookStoreHomeApplication           : Starting BookStoreHomeApplication using Java 11.0.13 on DESKTOP-CCOSQPA with PID 8616 (E:\CFP_Project\Book_Store_Application\BookStoreHome\target\classes started by Mohan Kunigiri in E:\BackUp\Practice\CFP Practice\Address_Book_Repository_Workshop)
2022-04-07 09:01:25.507  INFO 8616 --- [restartedMain] c.e.b.BookStoreHomeApplication           : No active profile set, falling back to default profiles: default
2022-04-07 09:01:25.588  INFO 8616 --- [restartedMain] .e.DevToolsPropertyDefaultsPostProcessor : Devtools property defaults active! Set 'spring.devtools.add-properties' to 'false' to disable
2022-04-07 09:01:25.588  INFO 8616 --- [restartedMain] .e.DevToolsPropertyDefaultsPostProcessor : For additional web related logging consider setting the 'logging.level.web' property to 'DEBUG'
2022-04-07 09:01:27.385  INFO 8616 --- [restartedMain] .s.d.r.c.RepositoryConfigurationDelegate : Bootstrapping Spring Data JPA repositories in DEFAULT mode.
2022-04-07 09:01:27.494  INFO 8616 --- [restartedMain] .s.d.r.c.RepositoryConfigurationDelegate : Finished Spring Data repository scanning in 87 ms. Found 1 JPA repository interfaces.
2022-04-07 09:01:28.744  INFO 8616 --- [restartedMain] o.s.b.w.embedded.tomcat.TomcatWebServer  : Tomcat initialized with port(s): 9002 (http)
2022-04-07 09:01:28.760  INFO 8616 --- [restartedMain] o.apache.catalina.core.StandardService   : Starting service [Tomcat]
2022-04-07 09:01:28.760  INFO 8616 --- [restartedMain] org.apache.catalina.core.StandardEngine  : Starting Servlet engine: [Apache Tomcat/9.0.56]
2022-04-07 09:01:28.932  INFO 8616 --- [restartedMain] o.a.c.c.C.[Tomcat].[localhost].[/]       : Initializing Spring embedded WebApplicationContext
2022-04-07 09:01:28.932  INFO 8616 --- [restartedMain] w.s.c.ServletWebServerApplicationContext : Root WebApplicationContext: initialization completed in 3328 ms
2022-04-07 09:01:29.338  INFO 8616 --- [restartedMain] com.zaxxer.hikari.HikariDataSource       : HikariPool-1 - Starting...
2022-04-07 09:01:29.557  INFO 8616 --- [restartedMain] com.zaxxer.hikari.HikariDataSource       : HikariPool-1 - Start completed.
2022-04-07 09:01:29.572  INFO 8616 --- [restartedMain] o.s.b.a.h2.H2ConsoleAutoConfiguration    : H2 console available at '/console'. Database available at 'jdbc:h2:mem:testdb'
2022-04-07 09:01:30.041  INFO 8616 --- [restartedMain] o.hibernate.jpa.internal.util.LogHelper  : HHH000204: Processing PersistenceUnitInfo [name: default]
2022-04-07 09:01:30.104  INFO 8616 --- [restartedMain] org.hibernate.Version                    : HHH000412: Hibernate ORM core version 5.6.4.Final
2022-04-07 09:01:30.322  INFO 8616 --- [restartedMain] o.hibernate.annotations.common.Version   : HCANN000001: Hibernate Commons Annotations {5.1.2.Final}
2022-04-07 09:01:30.479  INFO 8616 --- [restartedMain] org.hibernate.dialect.Dialect            : HHH000400: Using dialect: org.hibernate.dialect.H2Dialect
2022-04-07 09:01:31.432  INFO 8616 --- [restartedMain] o.h.e.t.j.p.i.JtaPlatformInitiator       : HHH000490: Using JtaPlatform implementation: [org.hibernate.engine.transaction.jta.platform.internal.NoJtaPlatform]
2022-04-07 09:01:31.447  INFO 8616 --- [restartedMain] j.LocalContainerEntityManagerFactoryBean : Initialized JPA EntityManagerFactory for persistence unit 'default'
2022-04-07 09:01:32.057  WARN 8616 --- [restartedMain] JpaBaseConfiguration$JpaWebConfiguration : spring.jpa.open-in-view is enabled by default. Therefore, database queries may be performed during view rendering. Explicitly configure spring.jpa.open-in-view to disable this warning
2022-04-07 09:01:34.307  INFO 8616 --- [restartedMain] o.s.b.d.a.OptionalLiveReloadServer       : LiveReload server is running on port 35729
2022-04-07 09:01:34.322  INFO 8616 --- [restartedMain] o.s.b.a.e.web.EndpointLinksResolver      : Exposing 1 endpoint(s) beneath base path '/actuator'
2022-04-07 09:01:34.447  INFO 8616 --- [restartedMain] o.s.b.w.embedded.tomcat.TomcatWebServer  : Tomcat started on port(s): 9002 (http) with context path ''
2022-04-07 09:01:34.479  INFO 8616 --- [restartedMain] c.e.b.BookStoreHomeApplication           : Started BookStoreHomeApplication in 9.846 seconds (JVM running for 12.173)
2022-04-07 09:01:54.998  INFO 8616 --- [http-nio-9002-exec-2] o.a.c.c.C.[Tomcat].[localhost].[/]       : Initializing Spring DispatcherServlet 'dispatcherServlet'
2022-04-07 09:01:54.998  INFO 8616 --- [http-nio-9002-exec-2] o.s.web.servlet.DispatcherServlet        : Initializing Servlet 'dispatcherServlet'
2022-04-07 09:01:55.006  INFO 8616 --- [http-nio-9002-exec-2] o.s.web.servlet.DispatcherServlet        : Completed initialization in 0 ms
2022-04-07 09:02:49.346  INFO 8616 --- [SpringApplicationShutdownHook] j.LocalContainerEntityManagerFactoryBean : Closing JPA EntityManagerFactory for persistence unit 'default'
2022-04-07 09:02:49.362  INFO 8616 --- [SpringApplicationShutdownHook] .SchemaDropperImpl$DelayedDropActionImpl : HHH000477: Starting delayed evictData of schema as part of SessionFactory shut-down'
2022-04-07 09:02:49.596  WARN 8616 --- [SpringApplicationShutdownHook] o.s.b.f.support.DisposableBeanAdapter    : Invocation of destroy method failed on bean with name 'inMemoryDatabaseShutdownExecutor': org.h2.jdbc.JdbcSQLNonTransientConnectionException: Database is already closed (to disable automatic closing at VM shutdown, add ";DB_CLOSE_ON_EXIT=FALSE" to the db URL) [90121-200]
2022-04-07 09:02:49.596  INFO 8616 --- [SpringApplicationShutdownHook] com.zaxxer.hikari.HikariDataSource       : HikariPool-1 - Shutdown initiated...
2022-04-07 09:02:49.596  INFO 8616 --- [SpringApplicationShutdownHook] com.zaxxer.hikari.HikariDataSource       : HikariPool-1 - Shutdown completed.
2022-04-07 09:02:58.911  INFO 17120 --- [restartedMain] c.e.b.BookStoreHomeApplication           : Starting BookStoreHomeApplication using Java 11.0.13 on DESKTOP-CCOSQPA with PID 17120 (E:\CFP_Project\Book_Store_Application\BookStoreHome\target\classes started by Mohan Kunigiri in E:\BackUp\Practice\CFP Practice\Address_Book_Repository_Workshop)
2022-04-07 09:02:58.926  INFO 17120 --- [restartedMain] c.e.b.BookStoreHomeApplication           : No active profile set, falling back to default profiles: default
2022-04-07 09:02:59.051  INFO 17120 --- [restartedMain] .e.DevToolsPropertyDefaultsPostProcessor : Devtools property defaults active! Set 'spring.devtools.add-properties' to 'false' to disable
2022-04-07 09:02:59.051  INFO 17120 --- [restartedMain] .e.DevToolsPropertyDefaultsPostProcessor : For additional web related logging consider setting the 'logging.level.web' property to 'DEBUG'
2022-04-07 09:03:00.958  INFO 17120 --- [restartedMain] .s.d.r.c.RepositoryConfigurationDelegate : Bootstrapping Spring Data JPA repositories in DEFAULT mode.
2022-04-07 09:03:01.036  INFO 17120 --- [restartedMain] .s.d.r.c.RepositoryConfigurationDelegate : Finished Spring Data repository scanning in 74 ms. Found 1 JPA repository interfaces.
2022-04-07 09:03:02.410  INFO 17120 --- [restartedMain] o.s.b.w.embedded.tomcat.TomcatWebServer  : Tomcat initialized with port(s): 9002 (http)
2022-04-07 09:03:02.426  INFO 17120 --- [restartedMain] o.apache.catalina.core.StandardService   : Starting service [Tomcat]
2022-04-07 09:03:02.426  INFO 17120 --- [restartedMain] org.apache.catalina.core.StandardEngine  : Starting Servlet engine: [Apache Tomcat/9.0.56]
2022-04-07 09:03:02.613  INFO 17120 --- [restartedMain] o.a.c.c.C.[Tomcat].[localhost].[/]       : Initializing Spring embedded WebApplicationContext
2022-04-07 09:03:02.629  INFO 17120 --- [restartedMain] w.s.c.ServletWebServerApplicationContext : Root WebApplicationContext: initialization completed in 3578 ms
2022-04-07 09:03:03.129  INFO 17120 --- [restartedMain] com.zaxxer.hikari.HikariDataSource       : HikariPool-1 - Starting...
2022-04-07 09:03:03.332  INFO 17120 --- [restartedMain] com.zaxxer.hikari.HikariDataSource       : HikariPool-1 - Start completed.
2022-04-07 09:03:03.363  INFO 17120 --- [restartedMain] o.s.b.a.h2.H2ConsoleAutoConfiguration    : H2 console available at '/console'. Database available at 'jdbc:h2:mem:testdb'
2022-04-07 09:03:03.957  INFO 17120 --- [restartedMain] o.hibernate.jpa.internal.util.LogHelper  : HHH000204: Processing PersistenceUnitInfo [name: default]
2022-04-07 09:03:04.051  INFO 17120 --- [restartedMain] org.hibernate.Version                    : HHH000412: Hibernate ORM core version 5.6.4.Final
2022-04-07 09:03:04.254  INFO 17120 --- [restartedMain] o.hibernate.annotations.common.Version   : HCANN000001: Hibernate Commons Annotations {5.1.2.Final}
2022-04-07 09:03:04.472  INFO 17120 --- [restartedMain] org.hibernate.dialect.Dialect            : HHH000400: Using dialect: org.hibernate.dialect.H2Dialect
2022-04-07 09:03:05.535  INFO 17120 --- [restartedMain] o.h.e.t.j.p.i.JtaPlatformInitiator       : HHH000490: Using JtaPlatform implementation: [org.hibernate.engine.transaction.jta.platform.internal.NoJtaPlatform]
2022-04-07 09:03:05.551  INFO 17120 --- [restartedMain] j.LocalContainerEntityManagerFactoryBean : Initialized JPA EntityManagerFactory for persistence unit 'default'
2022-04-07 09:03:06.316  WARN 17120 --- [restartedMain] JpaBaseConfiguration$JpaWebConfiguration : spring.jpa.open-in-view is enabled by default. Therefore, database queries may be performed during view rendering. Explicitly configure spring.jpa.open-in-view to disable this warning
2022-04-07 09:03:08.910  INFO 17120 --- [restartedMain] o.s.b.d.a.OptionalLiveReloadServer       : LiveReload server is running on port 35729
2022-04-07 09:03:08.925  INFO 17120 --- [restartedMain] o.s.b.a.e.web.EndpointLinksResolver      : Exposing 1 endpoint(s) beneath base path '/actuator'
2022-04-07 09:03:09.097  INFO 17120 --- [restartedMain] o.s.b.w.embedded.tomcat.TomcatWebServer  : Tomcat started on port(s): 9002 (http) with context path ''
2022-04-07 09:03:09.129  INFO 17120 --- [restartedMain] c.e.b.BookStoreHomeApplication           : Started BookStoreHomeApplication in 11.235 seconds (JVM running for 13.516)
2022-04-07 09:04:15.043  INFO 17120 --- [SpringApplicationShutdownHook] j.LocalContainerEntityManagerFactoryBean : Closing JPA EntityManagerFactory for persistence unit 'default'
2022-04-07 09:04:15.043  INFO 17120 --- [SpringApplicationShutdownHook] .SchemaDropperImpl$DelayedDropActionImpl : HHH000477: Starting delayed evictData of schema as part of SessionFactory shut-down'
2022-04-07 09:04:15.278  WARN 17120 --- [SpringApplicationShutdownHook] o.s.b.f.support.DisposableBeanAdapter    : Invocation of destroy method failed on bean with name 'inMemoryDatabaseShutdownExecutor': org.h2.jdbc.JdbcSQLNonTransientConnectionException: Database is already closed (to disable automatic closing at VM shutdown, add ";DB_CLOSE_ON_EXIT=FALSE" to the db URL) [90121-200]
2022-04-07 09:04:15.278  INFO 17120 --- [SpringApplicationShutdownHook] com.zaxxer.hikari.HikariDataSource       : HikariPool-1 - Shutdown initiated...
2022-04-07 09:04:15.278  INFO 17120 --- [SpringApplicationShutdownHook] com.zaxxer.hikari.HikariDataSource       : HikariPool-1 - Shutdown completed.
